// 重构日志: c4decf03
// 重构日志: 606f71ba
// 重构日志: ff312045
// 同步 ID: e19a0d7c @ Sat Jun 20 16:24:06 UTC 2026
// 同步 ID: 41293bd0 @ Sun Jun 21 10:56:01 UTC 2026
// 重构日志: 42a245cc
// 重构日志: 69c47edf
// 重构日志: d1bbda13
// 重构日志: dfba1140
// 重构日志: e7ed3093
// 重构日志: bf28d35d
// 重构日志: 14068f10
// 重构日志: 6717e82f
// 重构日志: b5f5ebac
// 重构日志: a1977d05
// 同步 ID: 69db311b @ Sat Jul  4 09:13:30 UTC 2026
// 重构日志: 74da5230
// 同步 ID: 3922f82f @ Sat Jul  4 15:17:07 UTC 2026
// 重构日志: 271f9302
// 重构日志: b7fd2761
// 重构日志: 252fe6a8
// 同步 ID: 48f16c99 @ Mon Jul  6 11:33:13 UTC 2026
// 重构日志: 352bf386
// 重构日志: 386a3f9d
// 同步 ID: 9a845cc0 @ Thu Jul  9 17:28:52 UTC 2026
// 重构日志: cd5ba68a
// 重构日志: 6a0cf207
// 重构日志: e5bf2fb8
// 同步 ID: 19d1ec05 @ Sun Jul 12 05:07:55 UTC 2026
// 同步 ID: 2a4c0532 @ Sun Jul 12 18:44:23 UTC 2026
